10:02:58.688 [main] INFO  testCases.TC_006_AddNewProduct - ...Launching Chrome browser...
10:07:46.463 [main] INFO  testCases.TC_006_AddNewProduct - ...Launching Chrome browser...
12:08:02.141 [main] INFO  testCases.TC_006_AddNewProduct - ...Launching Chrome browser...
12:12:39.514 [main] INFO  testCases.TC_006_AddNewProduct - ...Launching Chrome browser...
12:24:14.179 [main] INFO  testCases.TC_006_AddNewProduct - ...Launching Chrome browser...
12:44:30.998 [main] INFO  testCases.TC_006_AddNewProduct - ...Launching Chrome browser...
12:45:44.200 [main] INFO  testCases.TC_006_AddNewProduct - ...Launching Firefox browser...
12:53:45.743 [main] INFO  testCases.TC_006_AddNewProduct - ...Launching Firefox browser...
12:56:23.228 [main] INFO  testCases.TC_006_AddNewProduct - ...Launching Firefox browser...
13:02:32.973 [main] INFO  testCases.TC_006_AddNewProduct - ...Launching Firefox browser...
15:03:22.194 [main] INFO  testCases.TC_006_AddNewProduct - ...Launching Firefox browser...
15:11:04.996 [main] INFO  testCases.TC_006_AddNewProduct - ...Launching Firefox browser...
15:11:37.717 [main] INFO  testCases.TC_006_AddNewProduct - ...Launching Chrome browser...
15:30:33.369 [main] INFO  testCases.TC_006_AddNewProduct - ...Launching Chrome browser...
15:56:05.727 [main] INFO  testCases.TC_006_AddNewProduct - ...Launching Chrome browser...
16:05:42.111 [main] INFO  testCases.TC_006_AddNewProduct - ...Launching Chrome browser...
17:04:26.321 [main] INFO  testCases.TC_006_AddNewProduct - ...Launching Chrome browser...
17:09:26.208 [main] INFO  testCases.TC_006_AddNewProduct - ...Launching Chrome browser...
17:14:31.784 [main] INFO  testCases.TC_006_AddNewProduct - ...Launching Chrome browser...
17:24:48.668 [TestNG-tests-1] INFO  testCases.TC_001_getfreedemo_page - ...Launching Chrome browser...
17:24:52.283 [TestNG-tests-1] INFO  testCases.TC_001_getfreedemo_page - ********************* test case first *************
17:24:52.308 [TestNG-tests-1] INFO  testCases.TC_001_getfreedemo_page - providing customer details .............
17:24:53.265 [TestNG-tests-1] INFO  testCases.TC_001_getfreedemo_page - successfully user register
17:24:53.528 [TestNG-tests-1] INFO  testCases.TC_002_SignIn_page - ...Launching Chrome browser...
17:24:55.660 [TestNG-tests-1] INFO  testCases.TC_002_SignIn_page - start of TC_002_SignIn_page...... 
17:24:57.379 [TestNG-tests-1] INFO  testCases.TC_003_Login_Logout - ...Launching Chrome browser...
17:24:59.700 [TestNG-tests-1] INFO  testCases.TC_003_Login_Logout - Start of TC_003_Login_Logout.......
17:25:02.217 [TestNG-tests-1] ERROR testCases.TC_003_Login_Logout - if test case failed
17:25:05.618 [TestNG-tests-1] INFO  testCases.TC_004_AddNewUser - ...Launching Chrome browser...
17:25:11.958 [TestNG-tests-1] INFO  testCases.TC_004_AddNewUser - Add new user Test Case start... 
17:25:24.142 [TestNG-tests-1] INFO  testCases.TC_005_AddNewOrder - ...Launching Chrome browser...
17:25:57.163 [TestNG-tests-1] INFO  testCases.TC_006_AddNewProduct - ...Launching Chrome browser...
17:38:03.345 [TestNG-tests-1] INFO  testCases.TC_001_getfreedemo_page - ...Launching Chrome browser...
17:38:08.222 [TestNG-tests-1] INFO  testCases.TC_001_getfreedemo_page - ********************* test case first *************
17:38:08.253 [TestNG-tests-1] INFO  testCases.TC_001_getfreedemo_page - providing customer details .............
17:38:09.565 [TestNG-tests-1] INFO  testCases.TC_001_getfreedemo_page - successfully user register
17:38:09.763 [TestNG-tests-1] INFO  testCases.TC_002_SignIn_page - ...Launching Chrome browser...
17:38:12.953 [TestNG-tests-1] INFO  testCases.TC_002_SignIn_page - start of TC_002_SignIn_page...... 
17:38:18.738 [TestNG-tests-1] INFO  testCases.TC_003_Login_Logout - ...Launching Chrome browser...
17:38:24.042 [TestNG-tests-1] INFO  testCases.TC_003_Login_Logout - Start of TC_003_Login_Logout.......
17:38:29.029 [TestNG-tests-1] ERROR testCases.TC_003_Login_Logout - if test case failed
17:38:32.359 [TestNG-tests-1] INFO  testCases.TC_004_AddNewUser - ...Launching Chrome browser...
17:38:38.063 [TestNG-tests-1] INFO  testCases.TC_004_AddNewUser - Add new user Test Case start... 
17:38:50.531 [TestNG-tests-1] INFO  testCases.TC_005_AddNewOrder - ...Launching Chrome browser...
17:39:06.869 [TestNG-tests-1] INFO  testCases.TC_006_AddNewProduct - ...Launching Chrome browser...
10:17:13.178 [main] INFO  testCases.TC_001_getfreedemo_page - ...Launching Chrome browser...
10:17:21.052 [main] INFO  testCases.TC_001_getfreedemo_page - ********************* test case first *************
10:17:21.113 [main] INFO  testCases.TC_001_getfreedemo_page - providing customer details .............
10:17:22.959 [main] INFO  testCases.TC_001_getfreedemo_page - successfully user register
10:17:23.302 [main] INFO  testCases.TC_002_SignIn_page - ...Launching Chrome browser...
10:17:26.896 [main] INFO  testCases.TC_002_SignIn_page - start of TC_002_SignIn_page...... 
10:17:29.792 [main] INFO  testCases.TC_003_Login_Logout - ...Launching Chrome browser...
10:17:32.910 [main] INFO  testCases.TC_003_Login_Logout - Start of TC_003_Login_Logout.......
10:17:36.677 [main] ERROR testCases.TC_003_Login_Logout - if test case failed
10:17:40.866 [main] INFO  testCases.TC_004_AddNewUser - ...Launching Chrome browser...
10:17:49.865 [main] INFO  testCases.TC_004_AddNewUser - Add new user Test Case start... 
10:18:03.395 [main] INFO  testCases.TC_005_AddNewOrder - ...Launching Chrome browser...
10:18:23.202 [main] INFO  testCases.TC_006_AddNewProduct - ...Launching Chrome browser...
12:23:07.190 [main] INFO  testCases.TC_003_Login_Logout - ...Launching Chrome browser...
12:24:57.731 [main] INFO  testCases.TC_003_Login_Logout - ...Launching Chrome browser...
12:53:59.769 [main] INFO  testCases.TC_003_Login_Logout - ...Launching Chrome browser...
12:54:08.967 [main] INFO  testCases.TC_003_Login_Logout - Start of TC_003_Login_Logout.......
12:54:11.637 [main] INFO  testCases.TC_003_Login_Logout - Start of TC_003_Login_Logout.......
12:54:32.594 [main] INFO  testCases.TC_003_Login_Logout - Start of TC_003_Login_Logout.......
12:54:53.256 [main] INFO  testCases.TC_003_Login_Logout - Start of TC_003_Login_Logout.......
12:55:13.956 [main] INFO  testCases.TC_003_Login_Logout - Start of TC_003_Login_Logout.......
14:30:39.212 [main] INFO  testCases.TC_003_Login_Logout - ...Launching Chrome browser...
14:30:47.006 [main] INFO  testCases.TC_003_Login_Logout - Start of TC_003_Login_Logout.......
14:30:50.387 [main] INFO  testCases.TC_003_Login_Logout - Start of TC_003_Login_Logout.......
14:31:10.928 [main] INFO  testCases.TC_003_Login_Logout - Start of TC_003_Login_Logout.......
14:31:31.973 [main] INFO  testCases.TC_003_Login_Logout - Start of TC_003_Login_Logout.......
14:31:52.521 [main] INFO  testCases.TC_003_Login_Logout - Start of TC_003_Login_Logout.......
14:39:33.811 [main] INFO  testCases.TC_003_Login_Logout - ...Launching Chrome browser...
14:39:42.123 [main] INFO  testCases.TC_003_Login_Logout - Start of TC_003_Login_Logout.......
14:39:44.539 [main] INFO  testCases.TC_003_Login_Logout - Start of TC_003_Login_Logout.......
14:40:05.188 [main] INFO  testCases.TC_003_Login_Logout - Start of TC_003_Login_Logout.......
14:40:25.830 [main] INFO  testCases.TC_003_Login_Logout - Start of TC_003_Login_Logout.......
14:45:06.859 [main] INFO  testCases.TC_003_Login_Logout - ...Launching Chrome browser...
14:45:16.667 [main] INFO  testCases.TC_003_Login_Logout - Start of TC_003_Login_Logout.......
14:45:21.653 [main] INFO  testCases.TC_003_Login_Logout - Start of TC_003_Login_Logout.......
14:45:42.496 [main] INFO  testCases.TC_003_Login_Logout - Start of TC_003_Login_Logout.......
14:46:03.220 [main] INFO  testCases.TC_003_Login_Logout - Start of TC_003_Login_Logout.......
14:46:23.970 [main] INFO  testCases.TC_003_Login_Logout - Start of TC_003_Login_Logout.......
14:46:44.761 [main] INFO  testCases.TC_003_Login_Logout - Start of TC_003_Login_Logout.......
14:52:19.417 [main] INFO  testCases.TC_003_Login_Logout - ...Launching Chrome browser...
14:52:27.064 [main] INFO  testCases.TC_003_Login_Logout - Start of TC_003_Login_Logout.......
14:52:31.388 [main] INFO  testCases.TC_003_Login_Logout - Start of TC_003_Login_Logout.......
14:52:51.472 [main] INFO  testCases.TC_003_Login_Logout - Start of TC_003_Login_Logout.......
14:58:14.848 [main] INFO  testCases.TC_003_Login_Logout - ...Launching Chrome browser...
14:58:23.808 [main] INFO  testCases.TC_003_Login_Logout - Start of TC_003_Login_Logout.......
14:58:28.513 [main] INFO  testCases.TC_003_Login_Logout - Start of TC_003_Login_Logout.......
14:58:49.265 [main] INFO  testCases.TC_003_Login_Logout - Start of TC_003_Login_Logout.......
14:59:09.997 [main] INFO  testCases.TC_003_Login_Logout - Start of TC_003_Login_Logout.......
14:59:30.926 [main] INFO  testCases.TC_003_Login_Logout - Start of TC_003_Login_Logout.......
14:59:51.541 [main] INFO  testCases.TC_003_Login_Logout - Start of TC_003_Login_Logout.......
15:01:54.875 [main] INFO  testCases.TC_003_Login_Logout - ...Launching Chrome browser...
15:02:02.395 [main] INFO  testCases.TC_003_Login_Logout - Start of TC_003_Login_Logout.......
15:02:09.243 [main] INFO  testCases.TC_003_Login_Logout - Start of TC_003_Login_Logout.......
15:02:29.383 [main] INFO  testCases.TC_003_Login_Logout - Start of TC_003_Login_Logout.......
15:02:49.453 [main] INFO  testCases.TC_003_Login_Logout - Start of TC_003_Login_Logout.......
15:03:09.554 [main] INFO  testCases.TC_003_Login_Logout - Start of TC_003_Login_Logout.......
15:03:29.618 [main] INFO  testCases.TC_003_Login_Logout - Start of TC_003_Login_Logout.......
15:14:28.652 [main] INFO  testCases.TC_003_Login_Logout - ...Launching Chrome browser...
15:14:36.543 [main] INFO  testCases.TC_003_Login_Logout - Start of TC_003_Login_Logout.......
15:14:41.289 [main] INFO  testCases.TC_003_Login_Logout - Start of TC_003_Login_Logout.......
15:15:01.390 [main] INFO  testCases.TC_003_Login_Logout - Start of TC_003_Login_Logout.......
15:15:21.436 [main] INFO  testCases.TC_003_Login_Logout - Start of TC_003_Login_Logout.......
15:15:41.473 [main] INFO  testCases.TC_003_Login_Logout - Start of TC_003_Login_Logout.......
15:16:01.556 [main] INFO  testCases.TC_003_Login_Logout - Start of TC_003_Login_Logout.......
15:19:52.567 [main] INFO  testCases.TC_003_Login_Logout - ...Launching Chrome browser...
15:20:00.378 [main] INFO  testCases.TC_003_Login_Logout - Start of TC_003_Login_Logout.......
15:20:04.125 [main] INFO  testCases.TC_003_Login_Logout - Start of TC_003_Login_Logout.......
15:20:24.216 [main] INFO  testCases.TC_003_Login_Logout - Start of TC_003_Login_Logout.......
15:20:44.284 [main] INFO  testCases.TC_003_Login_Logout - Start of TC_003_Login_Logout.......
15:21:04.358 [main] INFO  testCases.TC_003_Login_Logout - Start of TC_003_Login_Logout.......
15:21:24.405 [main] INFO  testCases.TC_003_Login_Logout - Start of TC_003_Login_Logout.......
15:24:25.518 [main] INFO  testCases.TC_003_Login_Logout - ...Launching Chrome browser...
15:24:33.378 [main] INFO  testCases.TC_003_Login_Logout - Start of TC_003_Login_Logout.......
15:24:36.101 [main] ERROR testCases.TC_003_Login_Logout - if test case failed
15:24:39.159 [main] INFO  testCases.TC_003_Login_Logout - Start of TC_003_Login_Logout.......
15:24:59.228 [main] INFO  testCases.TC_003_Login_Logout - Start of TC_003_Login_Logout.......
15:25:19.282 [main] INFO  testCases.TC_003_Login_Logout - Start of TC_003_Login_Logout.......
15:25:39.346 [main] INFO  testCases.TC_003_Login_Logout - Start of TC_003_Login_Logout.......
15:25:59.407 [main] INFO  testCases.TC_003_Login_Logout - Start of TC_003_Login_Logout.......
15:27:28.131 [main] INFO  testCases.TC_003_Login_Logout - ...Launching Chrome browser...
15:27:32.734 [main] INFO  testCases.TC_003_Login_Logout - Start of TC_003_Login_Logout.......
15:27:34.704 [main] ERROR testCases.TC_003_Login_Logout - if test case failed
15:27:37.730 [main] INFO  testCases.TC_003_Login_Logout - Start of TC_003_Login_Logout.......
15:27:58.356 [main] INFO  testCases.TC_003_Login_Logout - Start of TC_003_Login_Logout.......
15:28:18.990 [main] INFO  testCases.TC_003_Login_Logout - Start of TC_003_Login_Logout.......
15:28:20.049 [main] ERROR testCases.TC_003_Login_Logout - if test case failed
15:28:23.058 [main] INFO  testCases.TC_003_Login_Logout - Start of TC_003_Login_Logout.......
15:28:43.524 [main] INFO  testCases.TC_003_Login_Logout - Start of TC_003_Login_Logout.......
15:51:32.215 [main] INFO  testCases.TC_003_Login_Logout - ...Launching Chrome browser...
15:51:38.707 [main] INFO  testCases.TC_003_Login_Logout - Start of TC_003_Login_Logout.......
15:51:44.894 [main] INFO  testCases.TC_003_Login_Logout - Start of TC_003_Login_Logout.......
15:52:05.656 [main] INFO  testCases.TC_003_Login_Logout - Start of TC_003_Login_Logout.......
15:52:26.436 [main] INFO  testCases.TC_003_Login_Logout - Start of TC_003_Login_Logout.......
15:52:28.351 [main] INFO  testCases.TC_003_Login_Logout - Start of TC_003_Login_Logout.......
15:52:48.996 [main] INFO  testCases.TC_003_Login_Logout - Start of TC_003_Login_Logout.......
11:46:52.011 [main] INFO  testCases.TC_003_Login_Logout - ...Launching Chrome browser...
11:46:57.270 [main] INFO  testCases.TC_003_Login_Logout - Start of TC_003_Login_Logout.......
11:47:18.274 [main] ERROR testCases.TC_003_Login_Logout - if test case failed
11:47:21.316 [main] INFO  testCases.TC_003_Login_Logout - Start of TC_003_Login_Logout.......
11:48:02.552 [main] INFO  testCases.TC_003_Login_Logout - Start of TC_003_Login_Logout.......
11:48:43.441 [main] INFO  testCases.TC_003_Login_Logout - Start of TC_003_Login_Logout.......
11:49:04.301 [main] ERROR testCases.TC_003_Login_Logout - if test case failed
11:49:07.313 [main] INFO  testCases.TC_003_Login_Logout - Start of TC_003_Login_Logout.......
11:49:48.193 [main] INFO  testCases.TC_003_Login_Logout - Start of TC_003_Login_Logout.......
11:55:23.261 [main] INFO  testCases.TC_003_Login_Logout - ...Launching Chrome browser...
11:55:28.453 [main] INFO  testCases.TC_003_Login_Logout - Start of TC_003_Login_Logout.......
11:55:49.605 [main] ERROR testCases.TC_003_Login_Logout - if test case failed
11:55:52.663 [main] INFO  testCases.TC_003_Login_Logout - Start of TC_003_Login_Logout.......
11:56:33.825 [main] INFO  testCases.TC_003_Login_Logout - Start of TC_003_Login_Logout.......
11:57:14.760 [main] INFO  testCases.TC_003_Login_Logout - Start of TC_003_Login_Logout.......
11:57:35.670 [main] ERROR testCases.TC_003_Login_Logout - if test case failed
11:57:38.687 [main] INFO  testCases.TC_003_Login_Logout - Start of TC_003_Login_Logout.......
11:58:19.554 [main] INFO  testCases.TC_003_Login_Logout - Start of TC_003_Login_Logout.......
11:58:41.401 [main] INFO  testCases.TC_003_Login_Logout - ...Launching Chrome browser...
11:58:51.453 [main] INFO  testCases.TC_003_Login_Logout - Start of TC_003_Login_Logout.......
11:58:57.545 [main] INFO  testCases.TC_003_Login_Logout - Start of TC_003_Login_Logout.......
11:59:19.791 [main] INFO  testCases.TC_003_Login_Logout - Start of TC_003_Login_Logout.......
11:59:41.627 [main] INFO  testCases.TC_003_Login_Logout - Start of TC_003_Login_Logout.......
11:59:43.410 [main] INFO  testCases.TC_003_Login_Logout - Start of TC_003_Login_Logout.......
12:00:04.724 [main] INFO  testCases.TC_003_Login_Logout - Start of TC_003_Login_Logout.......
20:02:52.578 [main] INFO  testCases.TC_003_Login_Logout - ...Launching Chrome browser...
20:03:02.588 [main] INFO  testCases.TC_003_Login_Logout - Start of TC_003_Login_Logout.......
20:03:05.111 [main] INFO  testCases.TC_003_Login_Logout - Start of TC_003_Login_Logout.......
20:03:26.522 [main] INFO  testCases.TC_003_Login_Logout - Start of TC_003_Login_Logout.......
20:03:47.898 [main] INFO  testCases.TC_003_Login_Logout - Start of TC_003_Login_Logout.......
20:03:50.235 [main] INFO  testCases.TC_003_Login_Logout - Start of TC_003_Login_Logout.......
20:04:11.541 [main] INFO  testCases.TC_003_Login_Logout - Start of TC_003_Login_Logout.......
20:06:34.268 [main] INFO  testCases.TC_001_getfreedemo_page - ...Launching Chrome browser...
20:06:39.178 [main] INFO  testCases.TC_001_getfreedemo_page - ********************* test case first *************
20:06:39.245 [main] INFO  testCases.TC_001_getfreedemo_page - providing customer details .............
20:06:40.502 [main] INFO  testCases.TC_001_getfreedemo_page - successfully user register
20:06:40.798 [main] INFO  testCases.TC_002_SignIn_page - ...Launching Chrome browser...
20:06:43.398 [main] INFO  testCases.TC_002_SignIn_page - start of TC_002_SignIn_page...... 
20:06:44.691 [main] INFO  testCases.TC_004_AddNewUser - ...Launching Chrome browser...
20:06:48.793 [main] INFO  testCases.TC_004_AddNewUser - Add new user Test Case start... 
20:07:01.084 [main] INFO  testCases.TC_005_AddNewOrder - ...Launching Chrome browser...
20:07:15.121 [main] INFO  testCases.TC_006_AddNewProduct - ...Launching Chrome browser...
12:41:12.589 [main] INFO  testCases.TC_007_CreateNewCustomer - ...Launching Chrome browser...
12:46:05.724 [main] INFO  testCases.TC_007_CreateNewCustomer - ...Launching Chrome browser...
12:48:58.002 [main] INFO  testCases.TC_007_CreateNewCustomer - ...Launching Chrome browser...
12:50:04.185 [main] INFO  testCases.TC_007_CreateNewCustomer - ...Launching Chrome browser...
12:52:08.378 [main] INFO  testCases.TC_007_CreateNewCustomer - ...Launching Chrome browser...
13:02:33.556 [main] INFO  testCases.TC_007_CreateNewCustomer - ...Launching Chrome browser...
14:15:19.363 [main] INFO  testCases.TC_007_CreateNewCustomer - ...Launching Chrome browser...
14:28:21.445 [main] INFO  testCases.TC_007_CreateNewCustomer - ...Launching Chrome browser...
14:34:29.002 [main] INFO  testCases.TC_007_CreateNewCustomer - ...Launching Chrome browser...
14:35:11.092 [main] INFO  testCases.TC_007_CreateNewCustomer - ...Launching Chrome browser...
14:36:17.407 [main] INFO  testCases.TC_007_CreateNewCustomer - ...Launching Chrome browser...
15:44:02.086 [main] INFO  testCases.TC_008_Customer_SlidePagination - ...Launching Chrome browser...
15:49:21.719 [main] INFO  testCases.TC_008_Customer_SlidePagination - ...Launching Chrome browser...
15:59:17.771 [main] INFO  testCases.TC_008_Customer_SlidePagination - ...Launching Chrome browser...
16:20:30.796 [main] INFO  testCases.TC_008_Customer_SlidePagination - ...Launching Chrome browser...
16:24:12.884 [main] INFO  testCases.TC_008_Customer_SlidePagination - ...Launching Chrome browser...
16:26:36.275 [main] INFO  testCases.TC_008_Customer_SlidePagination - ...Launching Chrome browser...
17:04:11.223 [main] INFO  testCases.TC_008_Customer_SlidePagination - ...Launching Chrome browser...
